
=== Mon Jan 18 07:22:28 2021

Packages were changed.
Update Mode: mergeDefaultDependencies

The following packages were added:
  com.unity.collab-proxy@1.2.16
  com.unity.ide.rider@1.1.4
  com.unity.ide.vscode@1.2.1
  com.unity.modules.ai@1.0.0
  com.unity.modules.androidjni@1.0.0
  com.unity.modules.animation@1.0.0
  com.unity.modules.assetbundle@1.0.0
  com.unity.modules.audio@1.0.0
  com.unity.modules.cloth@1.0.0
  com.unity.modules.director@1.0.0
  com.unity.modules.imageconversion@1.0.0
  com.unity.modules.imgui@1.0.0
  com.unity.modules.jsonserialize@1.0.0
  com.unity.modules.particlesystem@1.0.0
  com.unity.modules.physics@1.0.0
  com.unity.modules.physics2d@1.0.0
  com.unity.modules.screencapture@1.0.0
  com.unity.modules.terrain@1.0.0
  com.unity.modules.terrainphysics@1.0.0
  com.unity.modules.tilemap@1.0.0
  com.unity.modules.ui@1.0.0
  com.unity.modules.uielements@1.0.0
  com.unity.modules.umbra@1.0.0
  com.unity.modules.unityanalytics@1.0.0
  com.unity.modules.unitywebrequest@1.0.0
  com.unity.modules.unitywebrequestassetbundle@1.0.0
  com.unity.modules.unitywebrequestaudio@1.0.0
  com.unity.modules.unitywebrequesttexture@1.0.0
  com.unity.modules.unitywebrequestwww@1.0.0
  com.unity.modules.vehicles@1.0.0
  com.unity.modules.video@1.0.0
  com.unity.modules.vr@1.0.0
  com.unity.modules.wind@1.0.0
  com.unity.modules.xr@1.0.0
  com.unity.test-framework@1.1.16
  com.unity.textmeshpro@2.1.1
  com.unity.timeline@1.2.15
  com.unity.ugui@1.0.0

=== Wed Jul 20 22:18:25 2022

Packages were changed.
Update Mode: updateDependencies

The following packages were 已添加:
  com.unity.ide.visualstudio@2.0.15
The following packages were 已更新:
  com.unity.2d.animation 从版本 3.2.6 到 3.2.17
  com.unity.2d.common 从版本 2.0.2 到 2.1.0
  com.unity.2d.path 从版本 2.0.6 到 2.1.1
  com.unity.2d.pixel-perfect 从版本 2.0.4 到 2.1.0
  com.unity.2d.spriteshape 从版本 3.0.14 到 3.0.18
  com.unity.collab-proxy 从版本 1.2.16 到 1.14.18
  com.unity.ide.rider 从版本 1.1.4 到 1.2.1
  com.unity.ide.vscode 从版本 1.2.1 到 1.2.5
  com.unity.test-framework 从版本 1.1.16 到 1.1.31
  com.unity.textmeshpro 从版本 2.1.1 到 2.1.4
  com.unity.timeline 从版本 1.2.15 到 1.2.18
